2019-12-04 21:42:16.158  INFO 9856 --- [main] c.g.contractor.ContractorwebApplication  : Starting ContractorwebApplication on PERSONALPC with PID 9856 (D:\programs\contractorweb\target\classes started by ginor in D:\programs\contractorweb)
2019-12-04 21:42:16.158  INFO 9856 --- [main] c.g.contractor.ContractorwebApplication  : No active profile set, falling back to default profiles: default
2019-12-04 21:42:16.259  INFO 9856 --- [main] ationConfigEmbeddedWebApplicationContext : Refreshing org.springframework.boot.context.embedded.AnnotationConfigEmbeddedWebApplicationContext@58c1c010: startup date [Wed Dec 04 21:42:16 GMT 2019]; root of context hierarchy
2019-12-04 21:42:17.940  INFO 9856 --- [main] trationDelegate$BeanPostProcessorChecker : Bean 'org.springframework.transaction.annotation.ProxyTransactionManagementConfiguration' of type [org.springframework.transaction.annotation.ProxyTransactionManagementConfiguration$$EnhancerBySpringCGLIB$$a40c9849] is not eligible for getting processed by all BeanPostProcessors (for example: not eligible for auto-proxying)
2019-12-04 21:42:18.628  INFO 9856 --- [main] s.b.c.e.t.TomcatEmbeddedServletContainer : Tomcat initialized with port(s): 8080 (http)
2019-12-04 21:42:18.675  INFO 9856 --- [main] o.apache.catalina.core.StandardService   : Starting service [Tomcat]
2019-12-04 21:42:18.675  INFO 9856 --- [main] org.apache.catalina.core.StandardEngine  : Starting Servlet Engine: Apache Tomcat/8.5.31
2019-12-04 21:42:19.065  INFO 9856 --- [localhost-startStop-1] org.apache.jasper.servlet.TldScanner     : At least one JAR was scanned for TLDs yet contained no TLDs. Enable debug logging for this logger for a complete list of JARs that were scanned but no TLDs were found in them. Skipping unneeded JARs during scanning can improve startup time and JSP compilation time.
2019-12-04 21:42:19.080  INFO 9856 --- [localhost-startStop-1] o.a.c.c.C.[.[.[/contractorweb]           : Initializing Spring embedded WebApplicationContext
2019-12-04 21:42:19.080  INFO 9856 --- [localhost-startStop-1] o.s.web.context.ContextLoader            : Root WebApplicationContext: initialization completed in 2837 ms
2019-12-04 21:42:19.314  INFO 9856 --- [localhost-startStop-1] o.s.b.w.servlet.ServletRegistrationBean  : Mapping servlet: 'dispatcherServlet' to [/]
2019-12-04 21:42:19.314  INFO 9856 --- [localhost-startStop-1] o.s.b.w.servlet.FilterRegistrationBean   : Mapping filter: 'characterEncodingFilter' to: [/*]
2019-12-04 21:42:19.314  INFO 9856 --- [localhost-startStop-1] o.s.b.w.servlet.FilterRegistrationBean   : Mapping filter: 'hiddenHttpMethodFilter' to: [/*]
2019-12-04 21:42:19.314  INFO 9856 --- [localhost-startStop-1] o.s.b.w.servlet.FilterRegistrationBean   : Mapping filter: 'httpPutFormContentFilter' to: [/*]
2019-12-04 21:42:19.314  INFO 9856 --- [localhost-startStop-1] o.s.b.w.servlet.FilterRegistrationBean   : Mapping filter: 'requestContextFilter' to: [/*]
2019-12-04 21:42:20.268  INFO 9856 --- [main] j.LocalContainerEntityManagerFactoryBean : Building JPA container EntityManagerFactory for persistence unit 'default'
2019-12-04 21:42:20.301  INFO 9856 --- [main] o.hibernate.jpa.internal.util.LogHelper  : HHH000204: Processing PersistenceUnitInfo [
	name: default
	...]
2019-12-04 21:42:20.395  INFO 9856 --- [main] org.hibernate.Version                    : HHH000412: Hibernate Core {5.0.12.Final}
2019-12-04 21:42:20.395  INFO 9856 --- [main] org.hibernate.cfg.Environment            : HHH000206: hibernate.properties not found
2019-12-04 21:42:20.395  INFO 9856 --- [main] org.hibernate.cfg.Environment            : HHH000021: Bytecode provider name : javassist
2019-12-04 21:42:20.457  INFO 9856 --- [main] o.hibernate.annotations.common.Version   : HCANN000001: Hibernate Commons Annotations {5.0.1.Final}
2019-12-04 21:42:20.614  INFO 9856 --- [main] org.hibernate.dialect.Dialect            : HHH000400: Using dialect: org.hibernate.dialect.MySQL5Dialect
2019-12-04 21:42:21.395  INFO 9856 --- [main] j.LocalContainerEntityManagerFactoryBean : Initialized JPA EntityManagerFactory for persistence unit 'default'
2019-12-04 21:42:21.679  INFO 9856 --- [main] o.h.h.i.QueryTranslatorFactoryInitiator  : HHH000397: Using ASTQueryTranslatorFactory
2019-12-04 21:42:22.272  INFO 9856 --- [main] s.w.s.m.m.a.RequestMappingHandlerAdapter : Looking for @ControllerAdvice: org.springframework.boot.context.embedded.AnnotationConfigEmbeddedWebApplicationContext@58c1c010: startup date [Wed Dec 04 21:42:16 GMT 2019]; root of context hierarchy
2019-12-04 21:42:22.382  INFO 9856 --- [main] s.w.s.m.m.a.RequestMappingHandlerMapping : Mapped "{[/login]}" onto public java.lang.String com.gino.contractor.controllers.ContractorController.register()
2019-12-04 21:42:22.382  INFO 9856 --- [main] s.w.s.m.m.a.RequestMappingHandlerMapping : Mapped "{[/createUser]}" onto public java.lang.String com.gino.contractor.controllers.ContractorController.showCreateUserPage()
2019-12-04 21:42:22.382  INFO 9856 --- [main] s.w.s.m.m.a.RequestMappingHandlerMapping : Mapped "{[/registerUser]}" onto public java.lang.String com.gino.contractor.controllers.ContractorController.showCreateUserPage(com.gino.contractor.entities.User)
2019-12-04 21:42:22.382  INFO 9856 --- [main] s.w.s.m.m.a.RequestMappingHandlerMapping : Mapped "{[/displayContractors]}" onto public java.lang.String com.gino.contractor.controllers.ContractorController.displayContractors(org.springframework.ui.ModelMap)
2019-12-04 21:42:22.382  INFO 9856 --- [main] s.w.s.m.m.a.RequestMappingHandlerMapping : Mapped "{[/deleteContractor]}" onto public java.lang.String com.gino.contractor.controllers.ContractorController.deleteContractor(int,org.springframework.ui.ModelMap)
2019-12-04 21:42:22.382  INFO 9856 --- [main] s.w.s.m.m.a.RequestMappingHandlerMapping : Mapped "{[/saveCon]}" onto public java.lang.String com.gino.contractor.controllers.ContractorController.saveContractor(com.gino.contractor.entities.Contractor,org.springframework.ui.ModelMap)
2019-12-04 21:42:22.382  INFO 9856 --- [main] s.w.s.m.m.a.RequestMappingHandlerMapping : Mapped "{[/showCreate]}" onto public java.lang.String com.gino.contractor.controllers.ContractorController.showCreate()
2019-12-04 21:42:22.382  INFO 9856 --- [main] s.w.s.m.m.a.RequestMappingHandlerMapping : Mapped "{[/loginResult]}" onto public java.lang.String com.gino.contractor.controllers.ContractorController.login(java.lang.String,java.lang.String,org.springframework.ui.ModelMap)
2019-12-04 21:42:22.382  INFO 9856 --- [main] s.w.s.m.m.a.RequestMappingHandlerMapping : Mapped "{[/updateContractor]}" onto public java.lang.String com.gino.contractor.controllers.ContractorController.updateContractor(com.gino.contractor.entities.Contractor,org.springframework.ui.ModelMap)
2019-12-04 21:42:22.382  INFO 9856 --- [main] s.w.s.m.m.a.RequestMappingHandlerMapping : Mapped "{[/generateReport]}" onto public java.lang.String com.gino.contractor.controllers.ContractorController.generateReport()
2019-12-04 21:42:22.382  INFO 9856 --- [main] s.w.s.m.m.a.RequestMappingHandlerMapping : Mapped "{[/showUpdate]}" onto public java.lang.String com.gino.contractor.controllers.ContractorController.showUpdate(int,org.springframework.ui.ModelMap)
2019-12-04 21:42:22.397  INFO 9856 --- [main] s.w.s.m.m.a.RequestMappingHandlerMapping : Mapped "{[/contractors/{id}],methods=[GET]}" onto public com.gino.contractor.entities.Contractor com.gino.contractor.controllers.ContractorRESTController.getContractor(int)
2019-12-04 21:42:22.407  INFO 9856 --- [main] s.w.s.m.m.a.RequestMappingHandlerMapping : Mapped "{[/contractors],methods=[GET]}" onto public java.util.List<com.gino.contractor.entities.Contractor> com.gino.contractor.controllers.ContractorRESTController.getContractors()
2019-12-04 21:42:22.408  INFO 9856 --- [main] s.w.s.m.m.a.RequestMappingHandlerMapping : Mapped "{[/contractors/{id}],methods=[DELETE]}" onto public void com.gino.contractor.controllers.ContractorRESTController.deleteContractor(int)
2019-12-04 21:42:22.408  INFO 9856 --- [main] s.w.s.m.m.a.RequestMappingHandlerMapping : Mapped "{[/contractors],methods=[PUT]}" onto public com.gino.contractor.entities.Contractor com.gino.contractor.controllers.ContractorRESTController.updateContractor(com.gino.contractor.entities.Contractor)
2019-12-04 21:42:22.408  INFO 9856 --- [main] s.w.s.m.m.a.RequestMappingHandlerMapping : Mapped "{[/contractors],methods=[POST]}" onto public com.gino.contractor.entities.Contractor com.gino.contractor.controllers.ContractorRESTController.createContractor(com.gino.contractor.entities.Contractor)
2019-12-04 21:42:22.409  INFO 9856 --- [main] s.w.s.m.m.a.RequestMappingHandlerMapping : Mapped "{[/error]}" onto public org.springframework.http.ResponseEntity<java.util.Map<java.lang.String, java.lang.Object>> org.springframework.boot.autoconfigure.web.BasicErrorController.error(javax.servlet.http.HttpServletRequest)
2019-12-04 21:42:22.409  INFO 9856 --- [main] s.w.s.m.m.a.RequestMappingHandlerMapping : Mapped "{[/error],produces=[text/html]}" onto public org.springframework.web.servlet.ModelAndView org.springframework.boot.autoconfigure.web.BasicErrorController.errorHtml(javax.servlet.http.HttpServletRequest,javax.servlet.http.HttpServletResponse)
2019-12-04 21:42:22.455  INFO 9856 --- [main] o.s.w.s.handler.SimpleUrlHandlerMapping  : Mapped URL path [/webjars/**] onto handler of type [class org.springframework.web.servlet.resource.ResourceHttpRequestHandler]
2019-12-04 21:42:22.455  INFO 9856 --- [main] o.s.w.s.handler.SimpleUrlHandlerMapping  : Mapped URL path [/**] onto handler of type [class org.springframework.web.servlet.resource.ResourceHttpRequestHandler]
2019-12-04 21:42:22.518  INFO 9856 --- [main] o.s.w.s.handler.SimpleUrlHandlerMapping  : Mapped URL path [/**/favicon.ico] onto handler of type [class org.springframework.web.servlet.resource.ResourceHttpRequestHandler]
2019-12-04 21:42:22.924  INFO 9856 --- [main] o.s.j.e.a.AnnotationMBeanExporter        : Registering beans for JMX exposure on startup
2019-12-04 21:42:23.018  INFO 9856 --- [main] s.b.c.e.t.TomcatEmbeddedServletContainer : Tomcat started on port(s): 8080 (http)
2019-12-04 21:42:23.034  INFO 9856 --- [main] c.g.contractor.ContractorwebApplication  : Started ContractorwebApplication in 7.293 seconds (JVM running for 8.978)
2019-12-04 21:42:36.035  INFO 9856 --- [http-nio-8080-exec-1] o.a.c.c.C.[.[.[/contractorweb]           : Initializing Spring FrameworkServlet 'dispatcherServlet'
2019-12-04 21:42:36.038  INFO 9856 --- [http-nio-8080-exec-1] o.s.web.servlet.DispatcherServlet        : FrameworkServlet 'dispatcherServlet': initialization started
2019-12-04 21:42:36.054  INFO 9856 --- [http-nio-8080-exec-1] o.s.web.servlet.DispatcherServlet        : FrameworkServlet 'dispatcherServlet': initialization completed in 16 ms
2019-12-04 21:42:36.101  INFO 9856 --- [http-nio-8080-exec-1] c.g.c.controllers.ContractorController   : Inside login page.
2019-12-04 21:42:48.362  INFO 9856 --- [http-nio-8080-exec-2] c.g.c.controllers.ContractorController   : Inside displayContractors
2019-12-04 21:43:41.926  INFO 9856 --- [RMI TCP Connection(2)-127.0.0.1] inMXBeanRegistrar$SpringApplicationAdmin : Application shutdown requested.
2019-12-04 21:43:41.940  INFO 9856 --- [RMI TCP Connection(2)-127.0.0.1] ationConfigEmbeddedWebApplicationContext : Closing org.springframework.boot.context.embedded.AnnotationConfigEmbeddedWebApplicationContext@58c1c010: startup date [Wed Dec 04 21:42:16 GMT 2019]; root of context hierarchy
2019-12-04 21:43:41.942  INFO 9856 --- [RMI TCP Connection(2)-127.0.0.1] o.s.j.e.a.AnnotationMBeanExporter        : Unregistering JMX-exposed beans on shutdown
2019-12-04 21:43:41.942  INFO 9856 --- [RMI TCP Connection(2)-127.0.0.1] j.LocalContainerEntityManagerFactoryBean : Closing JPA EntityManagerFactory for persistence unit 'default'
2019-12-04 21:44:47.844  INFO 4700 --- [main] c.g.contractor.ContractorwebApplication  : Starting ContractorwebApplication on PERSONALPC with PID 4700 (D:\programs\contractorweb\target\classes started by ginor in D:\programs\contractorweb)
2019-12-04 21:44:47.844  INFO 4700 --- [main] c.g.contractor.ContractorwebApplication  : No active profile set, falling back to default profiles: default
2019-12-04 21:44:47.938  INFO 4700 --- [main] ationConfigEmbeddedWebApplicationContext : Refreshing org.springframework.boot.context.embedded.AnnotationConfigEmbeddedWebApplicationContext@58c1c010: startup date [Wed Dec 04 21:44:47 GMT 2019]; root of context hierarchy
2019-12-04 21:44:49.438  INFO 4700 --- [main] trationDelegate$BeanPostProcessorChecker : Bean 'org.springframework.transaction.annotation.ProxyTransactionManagementConfiguration' of type [org.springframework.transaction.annotation.ProxyTransactionManagementConfiguration$$EnhancerBySpringCGLIB$$6985ae9b] is not eligible for getting processed by all BeanPostProcessors (for example: not eligible for auto-proxying)
2019-12-04 21:44:50.071  INFO 4700 --- [main] s.b.c.e.t.TomcatEmbeddedServletContainer : Tomcat initialized with port(s): 8080 (http)
2019-12-04 21:44:50.118  INFO 4700 --- [main] o.apache.catalina.core.StandardService   : Starting service [Tomcat]
2019-12-04 21:44:50.118  INFO 4700 --- [main] org.apache.catalina.core.StandardEngine  : Starting Servlet Engine: Apache Tomcat/8.5.31
2019-12-04 21:44:50.477  INFO 4700 --- [localhost-startStop-1] org.apache.jasper.servlet.TldScanner     : At least one JAR was scanned for TLDs yet contained no TLDs. Enable debug logging for this logger for a complete list of JARs that were scanned but no TLDs were found in them. Skipping unneeded JARs during scanning can improve startup time and JSP compilation time.
2019-12-04 21:44:50.493  INFO 4700 --- [localhost-startStop-1] o.a.c.c.C.[.[.[/contractorweb]           : Initializing Spring embedded WebApplicationContext
2019-12-04 21:44:50.493  INFO 4700 --- [localhost-startStop-1] o.s.web.context.ContextLoader            : Root WebApplicationContext: initialization completed in 2571 ms
2019-12-04 21:44:50.712  INFO 4700 --- [localhost-startStop-1] o.s.b.w.servlet.ServletRegistrationBean  : Mapping servlet: 'dispatcherServlet' to [/]
2019-12-04 21:44:50.712  INFO 4700 --- [localhost-startStop-1] o.s.b.w.servlet.FilterRegistrationBean   : Mapping filter: 'characterEncodingFilter' to: [/*]
2019-12-04 21:44:50.712  INFO 4700 --- [localhost-startStop-1] o.s.b.w.servlet.FilterRegistrationBean   : Mapping filter: 'hiddenHttpMethodFilter' to: [/*]
2019-12-04 21:44:50.712  INFO 4700 --- [localhost-startStop-1] o.s.b.w.servlet.FilterRegistrationBean   : Mapping filter: 'httpPutFormContentFilter' to: [/*]
2019-12-04 21:44:50.712  INFO 4700 --- [localhost-startStop-1] o.s.b.w.servlet.FilterRegistrationBean   : Mapping filter: 'requestContextFilter' to: [/*]
2019-12-04 21:44:51.572  INFO 4700 --- [main] j.LocalContainerEntityManagerFactoryBean : Building JPA container EntityManagerFactory for persistence unit 'default'
2019-12-04 21:44:51.613  INFO 4700 --- [main] o.hibernate.jpa.internal.util.LogHelper  : HHH000204: Processing PersistenceUnitInfo [
	name: default
	...]
2019-12-04 21:44:51.707  INFO 4700 --- [main] org.hibernate.Version                    : HHH000412: Hibernate Core {5.0.12.Final}
2019-12-04 21:44:51.707  INFO 4700 --- [main] org.hibernate.cfg.Environment            : HHH000206: hibernate.properties not found
2019-12-04 21:44:51.707  INFO 4700 --- [main] org.hibernate.cfg.Environment            : HHH000021: Bytecode provider name : javassist
2019-12-04 21:44:51.769  INFO 4700 --- [main] o.hibernate.annotations.common.Version   : HCANN000001: Hibernate Commons Annotations {5.0.1.Final}
2019-12-04 21:44:51.925  INFO 4700 --- [main] org.hibernate.dialect.Dialect            : HHH000400: Using dialect: org.hibernate.dialect.MySQL5Dialect
2019-12-04 21:44:52.644  INFO 4700 --- [main] j.LocalContainerEntityManagerFactoryBean : Initialized JPA EntityManagerFactory for persistence unit 'default'
2019-12-04 21:44:52.938  INFO 4700 --- [main] o.h.h.i.QueryTranslatorFactoryInitiator  : HHH000397: Using ASTQueryTranslatorFactory
2019-12-04 21:44:53.548  INFO 4700 --- [main] s.w.s.m.m.a.RequestMappingHandlerAdapter : Looking for @ControllerAdvice: org.springframework.boot.context.embedded.AnnotationConfigEmbeddedWebApplicationContext@58c1c010: startup date [Wed Dec 04 21:44:47 GMT 2019]; root of context hierarchy
2019-12-04 21:44:53.642  INFO 4700 --- [main] s.w.s.m.m.a.RequestMappingHandlerMapping : Mapped "{[/login]}" onto public java.lang.String com.gino.contractor.controllers.ContractorController.register()
2019-12-04 21:44:53.642  INFO 4700 --- [main] s.w.s.m.m.a.RequestMappingHandlerMapping : Mapped "{[/registerUser]}" onto public java.lang.String com.gino.contractor.controllers.ContractorController.showCreateUserPage(com.gino.contractor.entities.User)
2019-12-04 21:44:53.642  INFO 4700 --- [main] s.w.s.m.m.a.RequestMappingHandlerMapping : Mapped "{[/createUser]}" onto public java.lang.String com.gino.contractor.controllers.ContractorController.showCreateUserPage()
2019-12-04 21:44:53.642  INFO 4700 --- [main] s.w.s.m.m.a.RequestMappingHandlerMapping : Mapped "{[/displayContractors]}" onto public java.lang.String com.gino.contractor.controllers.ContractorController.displayContractors(org.springframework.ui.ModelMap)
2019-12-04 21:44:53.642  INFO 4700 --- [main] s.w.s.m.m.a.RequestMappingHandlerMapping : Mapped "{[/updateContractor]}" onto public java.lang.String com.gino.contractor.controllers.ContractorController.updateContractor(com.gino.contractor.entities.Contractor,org.springframework.ui.ModelMap)
2019-12-04 21:44:53.642  INFO 4700 --- [main] s.w.s.m.m.a.RequestMappingHandlerMapping : Mapped "{[/showCreate]}" onto public java.lang.String com.gino.contractor.controllers.ContractorController.showCreate()
2019-12-04 21:44:53.642  INFO 4700 --- [main] s.w.s.m.m.a.RequestMappingHandlerMapping : Mapped "{[/generateReport]}" onto public java.lang.String com.gino.contractor.controllers.ContractorController.generateReport()
2019-12-04 21:44:53.642  INFO 4700 --- [main] s.w.s.m.m.a.RequestMappingHandlerMapping : Mapped "{[/showUpdate]}" onto public java.lang.String com.gino.contractor.controllers.ContractorController.showUpdate(int,org.springframework.ui.ModelMap)
2019-12-04 21:44:53.642  INFO 4700 --- [main] s.w.s.m.m.a.RequestMappingHandlerMapping : Mapped "{[/saveCon]}" onto public java.lang.String com.gino.contractor.controllers.ContractorController.saveContractor(com.gino.contractor.entities.Contractor,org.springframework.ui.ModelMap)
2019-12-04 21:44:53.642  INFO 4700 --- [main] s.w.s.m.m.a.RequestMappingHandlerMapping : Mapped "{[/deleteContractor]}" onto public java.lang.String com.gino.contractor.controllers.ContractorController.deleteContractor(int,org.springframework.ui.ModelMap)
2019-12-04 21:44:53.642  INFO 4700 --- [main] s.w.s.m.m.a.RequestMappingHandlerMapping : Mapped "{[/loginResult]}" onto public java.lang.String com.gino.contractor.controllers.ContractorController.login(java.lang.String,java.lang.String,org.springframework.ui.ModelMap)
2019-12-04 21:44:53.657  INFO 4700 --- [main] s.w.s.m.m.a.RequestMappingHandlerMapping : Mapped "{[/contractors],methods=[PUT]}" onto public com.gino.contractor.entities.Contractor com.gino.contractor.controllers.ContractorRESTController.updateContractor(com.gino.contractor.entities.Contractor)
2019-12-04 21:44:53.666  INFO 4700 --- [main] s.w.s.m.m.a.RequestMappingHandlerMapping : Mapped "{[/contractors/{id}],methods=[GET]}" onto public com.gino.contractor.entities.Contractor com.gino.contractor.controllers.ContractorRESTController.getContractor(int)
2019-12-04 21:44:53.667  INFO 4700 --- [main] s.w.s.m.m.a.RequestMappingHandlerMapping : Mapped "{[/contractors],methods=[POST]}" onto public com.gino.contractor.entities.Contractor com.gino.contractor.controllers.ContractorRESTController.createContractor(com.gino.contractor.entities.Contractor)
2019-12-04 21:44:53.668  INFO 4700 --- [main] s.w.s.m.m.a.RequestMappingHandlerMapping : Mapped "{[/contractors],methods=[GET]}" onto public java.util.List<com.gino.contractor.entities.Contractor> com.gino.contractor.controllers.ContractorRESTController.getContractors()
2019-12-04 21:44:53.668  INFO 4700 --- [main] s.w.s.m.m.a.RequestMappingHandlerMapping : Mapped "{[/contractors/{id}],methods=[DELETE]}" onto public void com.gino.contractor.controllers.ContractorRESTController.deleteContractor(int)
2019-12-04 21:44:53.668  INFO 4700 --- [main] s.w.s.m.m.a.RequestMappingHandlerMapping : Mapped "{[/error]}" onto public org.springframework.http.ResponseEntity<java.util.Map<java.lang.String, java.lang.Object>> org.springframework.boot.autoconfigure.web.BasicErrorController.error(javax.servlet.http.HttpServletRequest)
2019-12-04 21:44:53.668  INFO 4700 --- [main] s.w.s.m.m.a.RequestMappingHandlerMapping : Mapped "{[/error],produces=[text/html]}" onto public org.springframework.web.servlet.ModelAndView org.springframework.boot.autoconfigure.web.BasicErrorController.errorHtml(javax.servlet.http.HttpServletRequest,javax.servlet.http.HttpServletResponse)
2019-12-04 21:44:53.715  INFO 4700 --- [main] o.s.w.s.handler.SimpleUrlHandlerMapping  : Mapped URL path [/webjars/**] onto handler of type [class org.springframework.web.servlet.resource.ResourceHttpRequestHandler]
2019-12-04 21:44:53.715  INFO 4700 --- [main] o.s.w.s.handler.SimpleUrlHandlerMapping  : Mapped URL path [/**] onto handler of type [class org.springframework.web.servlet.resource.ResourceHttpRequestHandler]
2019-12-04 21:44:53.777  INFO 4700 --- [main] o.s.w.s.handler.SimpleUrlHandlerMapping  : Mapped URL path [/**/favicon.ico] onto handler of type [class org.springframework.web.servlet.resource.ResourceHttpRequestHandler]
2019-12-04 21:44:54.183  INFO 4700 --- [main] o.s.j.e.a.AnnotationMBeanExporter        : Registering beans for JMX exposure on startup
2019-12-04 21:44:54.277  INFO 4700 --- [main] s.b.c.e.t.TomcatEmbeddedServletContainer : Tomcat started on port(s): 8080 (http)
2019-12-04 21:44:54.277  INFO 4700 --- [main] c.g.contractor.ContractorwebApplication  : Started ContractorwebApplication in 6.849 seconds (JVM running for 8.484)
